<?xml version="1.0" encoding="utf-8"?><testsuites name="pytest tests"><testsuite name="pytest" errors="0" failures="0" skipped="0" tests="13" time="3.047" timestamp="2026-06-12T06:13:23.448133+00:00" hostname="agent-env-f12878f5-ee04-470b-8958-46d325619453"><testcase classname="backend.tests.backend_test" name="test_health" time="0.242" /><testcase classname="backend.tests.backend_test" name="test_categories" time="0.095" /><testcase classname="backend.tests.backend_test" name="test_register_and_duplicate" time="0.376" /><testcase classname="backend.tests.backend_test" name="test_login_wrong_password" time="0.273" /><testcase classname="backend.tests.backend_test" name="test_login_correct" time="0.266" /><testcase classname="backend.tests.backend_test" name="test_me_with_token" time="0.088" /><testcase classname="backend.tests.backend_test" name="test_me_no_token" time="0.150" /><testcase classname="backend.tests.backend_test" name="test_admin_role" time="0.359" /><testcase classname="backend.tests.backend_test" name="test_contact_create_and_admin_list" time="0.311" /><testcase classname="backend.tests.backend_test" name="test_training_full_flow" time="0.327" /><testcase classname="backend.tests.backend_test" name="test_exam_session" time="0.133" /><testcase classname="backend.tests.backend_test" name="test_sessions_list_isolation" time="0.173" /><testcase classname="backend.tests.backend_test" name="test_stats" time="0.094" /></testsuite></testsuites>