<?xml version="1.0" encoding="utf-8"?><testsuites name="pytest tests"><testsuite name="pytest" errors="0" failures="0" skipped="0" tests="20" time="1.923" timestamp="2026-06-13T09:02:22.569051+00:00" hostname="agent-env-f12878f5-ee04-470b-8958-46d325619453"><testcase classname="backend.tests.backend_test" name="test_health" time="0.003" /><testcase classname="backend.tests.backend_test" name="test_categories_anonymous_15_themes" time="0.012" /><testcase classname="backend.tests.backend_test" name="test_categories_free_user_locks_premium" time="0.242" /><testcase classname="backend.tests.backend_test" name="test_categories_admin_all_unlocked" time="0.284" /><testcase classname="backend.tests.backend_test" name="test_me_has_subscription_fields" time="0.002" /><testcase classname="backend.tests.backend_test" name="test_me_admin_subscription_active" time="0.002" /><testcase classname="backend.tests.backend_test" name="test_start_session_premium_theme_blocked_for_free" time="0.002" /><testcase classname="backend.tests.backend_test" name="test_start_exam_blocked_for_free" time="0.003" /><testcase classname="backend.tests.backend_test" name="test_start_training_free_user_uses_free_pool" time="0.004" /><testcase classname="backend.tests.backend_test" name="test_start_training_free_user_free_themes_only_allowed" time="0.006" /><testcase classname="backend.tests.backend_test" name="test_finish_question_reveal_training" time="0.005" /><testcase classname="backend.tests.backend_test" name="test_finish_question_blocked_in_exam" time="0.020" /><testcase classname="backend.tests.backend_test" name="test_admin_exam_120_questions" time="0.013" /><testcase classname="backend.tests.backend_test" name="test_admin_premium_theme_allowed" time="0.004" /><testcase classname="backend.tests.backend_test" name="test_subscription_checkout_returns_stripe_url" time="0.663" /><testcase classname="backend.tests.backend_test" name="test_subscription_checkout_requires_auth" time="0.002" /><testcase classname="backend.tests.backend_test" name="test_register_duplicate" time="0.002" /><testcase classname="backend.tests.backend_test" name="test_login_wrong_password" time="0.265" /><testcase classname="backend.tests.backend_test" name="test_login_correct" time="0.265" /><testcase classname="backend.tests.backend_test" name="test_logout_endpoint" time="0.042" /></testsuite></testsuites>